Using pre-set license
Built from '2020.3/staging' branch; Version is '2020.3.25f1 (9b9180224418) revision 10195328'; Using compiler version '192528614'; Build Type 'Release'
OS: 'Windows 10  (10.0.19043) 64bit Core' Language: 'ko' Physical Memory: 8151 MB
BatchMode: 1, IsHumanControllingUs: 0, StartBugReporterOnCrash: 0, Is64bit: 1, IsPro: 0

COMMAND LINE ARGUMENTS:
C:\Program Files\Unity\Hub\Editor\2020.3.25f1\Editor\Unity.exe
-adb2
-batchMode
-noUpm
-name
AssetImportWorker0
-projectPath
C:/Github/unity-git-test
-logFile
Logs/AssetImportWorker0.log
-srvPort
60393
Successfully changed project path to: C:/Github/unity-git-test
C:/Github/unity-git-test
Using Asset Import Pipeline V2.
Refreshing native plugins compatible for Editor in 99.74 ms, found 3 plugins.
Preloading 0 native plugins for Editor in 0.00 ms.
Initialize engine version: 2020.3.25f1 (9b9180224418)
[Subsystems] Discovering subsystems at path C:/Program Files/Unity/Hub/Editor/2020.3.25f1/Editor/Data/Resources/UnitySubsystems
[Subsystems] Discovering subsystems at path C:/Github/unity-git-test/Assets
GfxDevice: creating device client; threaded=0
Direct3D:
    Version:  Direct3D 11.0 [level 11.1]
    Renderer: NVIDIA GeForce GTX 1060 3GB (ID=0x1c02)
    Vendor:   
    VRAM:     2988 MB
    Driver:   27.21.14.5671
Initialize mono
Mono path[0] = 'C:/Program Files/Unity/Hub/Editor/2020.3.25f1/Editor/Data/Managed'
Mono path[1] = 'C:/Program Files/Unity/Hub/Editor/2020.3.25f1/Editor/Data/MonoBleedingEdge/lib/mono/unityjit'
Mono config path = 'C:/Program Files/Unity/Hub/Editor/2020.3.25f1/Editor/Data/MonoBleedingEdge/etc'
Using monoOptions --debugger-agent=transport=dt_socket,embedding=1,server=y,suspend=n,address=127.0.0.1:56808
Begin MonoManager ReloadAssembly
Registering precompiled unity dll's ...
Register platform support module: C:/Program Files/Unity/Hub/Editor/2020.3.25f1/Editor/Data/PlaybackEngines/WindowsStandaloneSupport/UnityEditor.WindowsStandalone.Extensions.dll
Registered in 0.003869 seconds.
Native extension for WindowsStandalone target not found
Refreshing native plugins compatible for Editor in 87.70 ms, found 3 plugins.
Preloading 0 native plugins for Editor in 0.00 ms.
Mono: successfully reloaded assembly
- Completed reload, in  1.136 seconds
Domain Reload Profiling:
	ReloadAssembly (1136ms)
		BeginReloadAssembly (110ms)
			ExecutionOrderSort (0ms)
			DisableScriptedObjects (0ms)
			BackupInstance (0ms)
			ReleaseScriptingObjects (0ms)
			CreateAndSetChildDomain (2ms)
		EndReloadAssembly (883ms)
			LoadAssemblies (105ms)
			RebuildTransferFunctionScriptingTraits (0ms)
			SetupTypeCache (291ms)
			ReleaseScriptCaches (0ms)
			RebuildScriptCaches (61ms)
			SetupLoadedEditorAssemblies (347ms)
				LogAssemblyErrors (0ms)
				InitializePlatformSupportModulesInManaged (8ms)
				SetLoadedEditorAssemblies (0ms)
				RefreshPlugins (88ms)
				BeforeProcessingInitializeOnLoad (29ms)
				ProcessInitializeOnLoadAttributes (167ms)
				ProcessInitializeOnLoadMethodAttributes (55ms)
				AfterProcessingInitializeOnLoad (0ms)
				EditorAssembliesLoaded (0ms)
			ExecutionOrderSort2 (0ms)
			AwakeInstancesAfterBackupRestoration (0ms)
Platform modules already initialized, skipping
Registering precompiled user dll's ...
Registered in 0.009467 seconds.
Begin MonoManager ReloadAssembly
Native extension for WindowsStandalone target not found
Refreshing native plugins compatible for Editor in 84.87 ms, found 3 plugins.
Preloading 0 native plugins for Editor in 0.00 ms.
Mono: successfully reloaded assembly
- Completed reload, in  2.456 seconds
Domain Reload Profiling:
	ReloadAssembly (2458ms)
		BeginReloadAssembly (292ms)
			ExecutionOrderSort (0ms)
			DisableScriptedObjects (10ms)
			BackupInstance (0ms)
			ReleaseScriptingObjects (0ms)
			CreateAndSetChildDomain (35ms)
		EndReloadAssembly (2044ms)
			LoadAssemblies (188ms)
			RebuildTransferFunctionScriptingTraits (0ms)
			SetupTypeCache (702ms)
			ReleaseScriptCaches (1ms)
			RebuildScriptCaches (92ms)
			SetupLoadedEditorAssemblies (840ms)
				LogAssemblyErrors (0ms)
				InitializePlatformSupportModulesInManaged (7ms)
				SetLoadedEditorAssemblies (0ms)
				RefreshPlugins (85ms)
				BeforeProcessingInitializeOnLoad (261ms)
				ProcessInitializeOnLoadAttributes (442ms)
				ProcessInitializeOnLoadMethodAttributes (31ms)
				AfterProcessingInitializeOnLoad (13ms)
				EditorAssembliesLoaded (0ms)
			ExecutionOrderSort2 (0ms)
			AwakeInstancesAfterBackupRestoration (12ms)
Platform modules already initialized, skipping
========================================================================
Worker process is ready to serve import requests
Launched and connected shader compiler UnityShaderCompiler.exe after 0.22 seconds
Refreshing native plugins compatible for Editor in 0.77 ms, found 3 plugins.
Preloading 0 native plugins for Editor in 0.00 ms.
Unloading 2194 Unused Serialized files (Serialized files now loaded: 0)
System memory in use before: 95.8 MB.
System memory in use after: 95.9 MB.

Unloading 28 unused Assets to reduce memory usage. Loaded Objects now: 2627.
Total: 7.643800 ms (FindLiveObjects: 0.317300 ms CreateObjectMapping: 0.134700 ms MarkObjects: 7.079100 ms  DeleteObjects: 0.110700 ms)

AssetImportParameters requested are different than current active one (requested -> active):
  custom:framework-win-MediaFoundation: 216162199b28c13a410421893ffa2e32 -> 
  custom:video-decoder-ogg-theora: a1e56fd34408186e4bbccfd4996cb3dc -> 
  custom:container-muxer-webm: aa71ff27fc2769a1b78a27578f13a17b -> 
  custom:container-demuxer-webm: 4f35f7cbe854078d1ac9338744f61a02 -> 
  custom:container-demuxer-ogg: 62fdf1f143b41e24485cea50d1cbac27 -> 
  custom:video-encoder-webm-vp8: eb34c28f22e8b96e1ab97ce403110664 -> 
  custom:video-decoder-webm-vp8: 9c59270c3fd7afecdb556c50c9e8de78 -> 
  custom:audio-decoder-ogg-vorbis: bf7c407c2cedff20999df2af8eb42d56 -> 
  custom:audio-encoder-webm-vorbis: bf7c407c2cedff20999df2af8eb42d56 -> 
========================================================================
Received Import Request.
  path: Assets/v1.1 dungeon crawler 16x16 pixel pack
  artifactKey: Guid(14f451817c2a31a46b2075ac611661bc) Importer(815301076,1909f56bfc062723c751e8b465ee728b)
Start importing Assets/v1.1 dungeon crawler 16x16 pixel pack using Guid(14f451817c2a31a46b2075ac611661bc) Importer(815301076,1909f56bfc062723c751e8b465ee728b)  -> (artifact id: '6301d3520fa5da7ae68fc98e9c2d7cde') in 0.026800 seconds 
  Import took 0.033525 seconds .

========================================================================
Received Import Request.
  Time since last request: 0.000327 seconds.
  path: Assets/v1.1 dungeon crawler 16x16 pixel pack/full spritesheet.png
  artifactKey: Guid(66b990c1845702d409ede2038a5dac7c) Importer(815301076,1909f56bfc062723c751e8b465ee728b)
Start importing Assets/v1.1 dungeon crawler 16x16 pixel pack/full spritesheet.png using Guid(66b990c1845702d409ede2038a5dac7c) Importer(815301076,1909f56bfc062723c751e8b465ee728b)  -> (artifact id: '0353da661ae30686e0e5c61562ad2787') in 0.349418 seconds 
  Import took 0.354989 seconds .

========================================================================
Received Import Request.
  Time since last request: 11.503099 seconds.
  path: Assets/v1.1 dungeon crawler 16x16 pixel pack/full spritesheet.png
  artifactKey: Guid(66b990c1845702d409ede2038a5dac7c) Importer(815301076,1909f56bfc062723c751e8b465ee728b)
Start importing Assets/v1.1 dungeon crawler 16x16 pixel pack/full spritesheet.png using Guid(66b990c1845702d409ede2038a5dac7c) Importer(815301076,1909f56bfc062723c751e8b465ee728b)  -> (artifact id: 'bdb42bc54cb16ba80376a4f31ce16b01') in 0.045841 seconds 
  Import took 0.051521 seconds .

========================================================================
Received Import Request.
  Time since last request: 1.044537 seconds.
  path: Assets/v1.1 dungeon crawler 16x16 pixel pack/full tilemap.png
  artifactKey: Guid(62185a57ff8e0cf459639ca10d591535) Importer(815301076,1909f56bfc062723c751e8b465ee728b)
Start importing Assets/v1.1 dungeon crawler 16x16 pixel pack/full tilemap.png using Guid(62185a57ff8e0cf459639ca10d591535) Importer(815301076,1909f56bfc062723c751e8b465ee728b)  -> (artifact id: '1037058a9106d960f128f4128c9dac6e') in 0.037548 seconds 
  Import took 0.042452 seconds .

========================================================================
Received Import Request.
  Time since last request: 2.299910 seconds.
  path: Assets/v1.1 dungeon crawler 16x16 pixel pack/full tilemap.png
  artifactKey: Guid(62185a57ff8e0cf459639ca10d591535) Importer(815301076,1909f56bfc062723c751e8b465ee728b)
Start importing Assets/v1.1 dungeon crawler 16x16 pixel pack/full tilemap.png using Guid(62185a57ff8e0cf459639ca10d591535) Importer(815301076,1909f56bfc062723c751e8b465ee728b)  -> (artifact id: '280209fe1f65f062cdc1a77854b2e122') in 0.032606 seconds 
  Import took 0.038126 seconds .

========================================================================
Received Import Request.
  Time since last request: 1.210812 seconds.
  path: Assets/v1.1 dungeon crawler 16x16 pixel pack/props_itens
  artifactKey: Guid(aaf804e93c791b94194ae460b46c071d) Importer(815301076,1909f56bfc062723c751e8b465ee728b)
Start importing Assets/v1.1 dungeon crawler 16x16 pixel pack/props_itens using Guid(aaf804e93c791b94194ae460b46c071d) Importer(815301076,1909f56bfc062723c751e8b465ee728b)  -> (artifact id: '934e4fd25c4d9ae49315a13d1e0652d8') in 0.014434 seconds 
  Import took 0.021079 seconds .

========================================================================
Received Import Request.
  Time since last request: 0.881936 seconds.
  path: Assets/v1.1 dungeon crawler 16x16 pixel pack/heroes
  artifactKey: Guid(c24bdc759159636459353b1e76051fa3) Importer(815301076,1909f56bfc062723c751e8b465ee728b)
Start importing Assets/v1.1 dungeon crawler 16x16 pixel pack/heroes using Guid(c24bdc759159636459353b1e76051fa3) Importer(815301076,1909f56bfc062723c751e8b465ee728b)  -> (artifact id: '43c26bac1b4e70630a6d2600d58beae2') in 0.016299 seconds 
  Import took 0.021555 seconds .

========================================================================
Received Import Request.
  Time since last request: 0.506667 seconds.
  path: Assets/v1.1 dungeon crawler 16x16 pixel pack/enemies
  artifactKey: Guid(f049bd569503d0740bc93f8745fb2c2c) Importer(815301076,1909f56bfc062723c751e8b465ee728b)
Start importing Assets/v1.1 dungeon crawler 16x16 pixel pack/enemies using Guid(f049bd569503d0740bc93f8745fb2c2c) Importer(815301076,1909f56bfc062723c751e8b465ee728b)  -> (artifact id: '23b23c1785b213e8ec476bccba2fa812') in 0.013841 seconds 
  Import took 0.020150 seconds .

========================================================================
Received Import Request.
  Time since last request: 2.907141 seconds.
  path: Assets/v1.1 dungeon crawler 16x16 pixel pack/effects (new)
  artifactKey: Guid(5328844cb649a3c43ae0ff8e56616d4a) Importer(815301076,1909f56bfc062723c751e8b465ee728b)
Start importing Assets/v1.1 dungeon crawler 16x16 pixel pack/effects (new) using Guid(5328844cb649a3c43ae0ff8e56616d4a) Importer(815301076,1909f56bfc062723c751e8b465ee728b)  -> (artifact id: '82fad91703cfdc458783dd395f38f132') in 0.015083 seconds 
  Import took 0.020088 seconds .

========================================================================
Received Import Request.
  Time since last request: 4.196709 seconds.
  path: Assets/v1.1 dungeon crawler 16x16 pixel pack/effects (new)/explosion_anim_f0.png
  artifactKey: Guid(5c484ca41d2ac8f45a027d23ed1f95ae) Importer(815301076,1909f56bfc062723c751e8b465ee728b)
Start importing Assets/v1.1 dungeon crawler 16x16 pixel pack/effects (new)/explosion_anim_f0.png using Guid(5c484ca41d2ac8f45a027d23ed1f95ae) Importer(815301076,1909f56bfc062723c751e8b465ee728b)  -> (artifact id: 'c634338de2fd03685533b564c7f4fc90') in 0.037475 seconds 
  Import took 0.042526 seconds .

========================================================================
Received Import Request.
  Time since last request: 4.301758 seconds.
  path: Assets/v1.1 dungeon crawler 16x16 pixel pack/effects (new)/enemy_afterdead_explosion_anim_f0.png
  artifactKey: Guid(37ecf5eb47ad8604e985d1446af964c7) Importer(815301076,1909f56bfc062723c751e8b465ee728b)
Start importing Assets/v1.1 dungeon crawler 16x16 pixel pack/effects (new)/enemy_afterdead_explosion_anim_f0.png using Guid(37ecf5eb47ad8604e985d1446af964c7) Importer(815301076,1909f56bfc062723c751e8b465ee728b)  -> (artifact id: 'f2ca42bfe13a68d9a71401663e2df70f') in 0.035100 seconds 
  Import took 0.040158 seconds .

========================================================================
Received Import Request.
  Time since last request: 1.346567 seconds.
  path: Assets/v1.1 dungeon crawler 16x16 pixel pack/effects (new)/slash_effect_anim_f0.png
  artifactKey: Guid(83ea4a5d20c7540409568e2f62483212) Importer(815301076,1909f56bfc062723c751e8b465ee728b)
Start importing Assets/v1.1 dungeon crawler 16x16 pixel pack/effects (new)/slash_effect_anim_f0.png using Guid(83ea4a5d20c7540409568e2f62483212) Importer(815301076,1909f56bfc062723c751e8b465ee728b)  -> (artifact id: 'bf6bd29c380a3dd31eb1bfcd691f9d50') in 0.028120 seconds 
  Import took 0.033552 seconds .

========================================================================
Received Import Request.
  Time since last request: 4.543443 seconds.
  path: Assets/v1.1 dungeon crawler 16x16 pixel pack/effects (new)/slash_effect_anim_f0.png
  artifactKey: Guid(83ea4a5d20c7540409568e2f62483212) Importer(815301076,1909f56bfc062723c751e8b465ee728b)
Start importing Assets/v1.1 dungeon crawler 16x16 pixel pack/effects (new)/slash_effect_anim_f0.png using Guid(83ea4a5d20c7540409568e2f62483212) Importer(815301076,1909f56bfc062723c751e8b465ee728b)  -> (artifact id: '22a6bfad6f3e3ad8d28f0fa20cf8fee6') in 0.017004 seconds 
  Import took 0.023364 seconds .

========================================================================
Received Import Request.
  Time since last request: 2.515159 seconds.
  path: Assets/v1.1 dungeon crawler 16x16 pixel pack/enemies/goblin
  artifactKey: Guid(29e2baf04ec88e344baefc64177e4913) Importer(815301076,1909f56bfc062723c751e8b465ee728b)
Start importing Assets/v1.1 dungeon crawler 16x16 pixel pack/enemies/goblin using Guid(29e2baf04ec88e344baefc64177e4913) Importer(815301076,1909f56bfc062723c751e8b465ee728b)  -> (artifact id: 'c8cc19938ce90efc1811e062fda30642') in 0.014633 seconds 
  Import took 0.020744 seconds .

========================================================================
Received Import Request.
  Time since last request: 21.222083 seconds.
  path: Assets/v1.1 dungeon crawler 16x16 pixel pack/full spritesheet.png
  artifactKey: Guid(66b990c1845702d409ede2038a5dac7c) Importer(815301076,1909f56bfc062723c751e8b465ee728b)
Start importing Assets/v1.1 dungeon crawler 16x16 pixel pack/full spritesheet.png using Guid(66b990c1845702d409ede2038a5dac7c) Importer(815301076,1909f56bfc062723c751e8b465ee728b)  -> (artifact id: 'db8afb291aa6484f8c6716c67d8f165d') in 0.023912 seconds 
  Import took 0.029518 seconds .

========================================================================
Received Import Request.
  Time since last request: 22.750303 seconds.
  path: Assets/v1.1 dungeon crawler 16x16 pixel pack/full spritesheet.png
  artifactKey: Guid(66b990c1845702d409ede2038a5dac7c) Importer(815301076,1909f56bfc062723c751e8b465ee728b)
Start importing Assets/v1.1 dungeon crawler 16x16 pixel pack/full spritesheet.png using Guid(66b990c1845702d409ede2038a5dac7c) Importer(815301076,1909f56bfc062723c751e8b465ee728b)  -> (artifact id: '7fee88b68931baac1a1495f3e7e357e6') in 0.610881 seconds 
  Import took 0.637318 seconds .

========================================================================
Received Import Request.
  Time since last request: 24.223344 seconds.
  path: Assets/v1.1 dungeon crawler 16x16 pixel pack/full tilemap.png
  artifactKey: Guid(62185a57ff8e0cf459639ca10d591535) Importer(815301076,1909f56bfc062723c751e8b465ee728b)
Start importing Assets/v1.1 dungeon crawler 16x16 pixel pack/full tilemap.png using Guid(62185a57ff8e0cf459639ca10d591535) Importer(815301076,1909f56bfc062723c751e8b465ee728b)  -> (artifact id: 'cd7077e51b6a271d8c378e6cf327c77b') in 0.028445 seconds 
  Import took 0.039009 seconds .

========================================================================
Received Import Request.
  Time since last request: 6.527358 seconds.
  path: Assets/v1.1 dungeon crawler 16x16 pixel pack/full tilemap.png
  artifactKey: Guid(62185a57ff8e0cf459639ca10d591535) Importer(815301076,1909f56bfc062723c751e8b465ee728b)
Start importing Assets/v1.1 dungeon crawler 16x16 pixel pack/full tilemap.png using Guid(62185a57ff8e0cf459639ca10d591535) Importer(815301076,1909f56bfc062723c751e8b465ee728b)  -> (artifact id: '756d93e5b1abf17f2cf2945233b3f44b') in 0.242738 seconds 
  Import took 0.250103 seconds .

========================================================================
Received Import Request.
  Time since last request: 4.625278 seconds.
  path: Assets/v1.1 dungeon crawler 16x16 pixel pack/ui (new)
  artifactKey: Guid(3417c9a0d0ec25b4eb4dbfc3e4aed16b) Importer(815301076,1909f56bfc062723c751e8b465ee728b)
Start importing Assets/v1.1 dungeon crawler 16x16 pixel pack/ui (new) using Guid(3417c9a0d0ec25b4eb4dbfc3e4aed16b) Importer(815301076,1909f56bfc062723c751e8b465ee728b)  -> (artifact id: 'b6f1b304ac1e9f5d8d93d149ba4d1110') in 0.012007 seconds 
  Import took 0.019484 seconds .

========================================================================
Received Import Request.
  Time since last request: 22.393934 seconds.
  path: Assets/ui (new)/crosshair_1.png
  artifactKey: Guid(44e46de66e9553748a6c9c7692532bdd) Importer(815301076,1909f56bfc062723c751e8b465ee728b)
Start importing Assets/ui (new)/crosshair_1.png using Guid(44e46de66e9553748a6c9c7692532bdd) Importer(815301076,1909f56bfc062723c751e8b465ee728b)  -> (artifact id: '26c258fd9908b1493c0adc7948340c63') in 0.023131 seconds 
  Import took 0.029343 seconds .

========================================================================
Received Import Request.
  Time since last request: 0.000237 seconds.
  path: Assets/ui (new)/crosshair_3.png
  artifactKey: Guid(a3bf08ef4f40a424ba6a86f2f62350d7) Importer(815301076,1909f56bfc062723c751e8b465ee728b)
Start importing Assets/ui (new)/crosshair_3.png using Guid(a3bf08ef4f40a424ba6a86f2f62350d7) Importer(815301076,1909f56bfc062723c751e8b465ee728b)  -> (artifact id: '16b253a33408503ff3360e4b9439ba23') in 0.024560 seconds 
  Import took 0.029859 seconds .

========================================================================
Received Import Request.
  Time since last request: 0.000228 seconds.
  path: Assets/ui (new)/pause_button.png
  artifactKey: Guid(cb262a44f41244a41ba73a7a4a03ae3a) Importer(815301076,1909f56bfc062723c751e8b465ee728b)
Start importing Assets/ui (new)/pause_button.png using Guid(cb262a44f41244a41ba73a7a4a03ae3a) Importer(815301076,1909f56bfc062723c751e8b465ee728b)  -> (artifact id: 'cee28435712b3c3b56226b891a4f1467') in 0.027453 seconds 
  Import took 0.032259 seconds .

========================================================================
Received Import Request.
  Time since last request: 0.000221 seconds.
  path: Assets/ui (new)/crosshair_2.png
  artifactKey: Guid(5d989530900fc674cae4807045cd9cc5) Importer(815301076,1909f56bfc062723c751e8b465ee728b)
Start importing Assets/ui (new)/crosshair_2.png using Guid(5d989530900fc674cae4807045cd9cc5) Importer(815301076,1909f56bfc062723c751e8b465ee728b)  -> (artifact id: '912cdaebe4df4b13d40d0a280be591a6') in 0.028667 seconds 
  Import took 0.033582 seconds .

========================================================================
Received Import Request.
  Time since last request: 0.000287 seconds.
  path: Assets/ui (new)/menu_button_press.png
  artifactKey: Guid(325b200ebd42b7d48914cc2d77d736a1) Importer(815301076,1909f56bfc062723c751e8b465ee728b)
Start importing Assets/ui (new)/menu_button_press.png using Guid(325b200ebd42b7d48914cc2d77d736a1) Importer(815301076,1909f56bfc062723c751e8b465ee728b)  -> (artifact id: '1f359878e6658bc85c53efcf02a554de') in 0.023917 seconds 
  Import took 0.030560 seconds .

========================================================================
Received Import Request.
  Time since last request: 0.000243 seconds.
  path: Assets/ui (new)/menu_button.png
  artifactKey: Guid(88b17c12cdfa54843b023e98b5888e50) Importer(815301076,1909f56bfc062723c751e8b465ee728b)
Start importing Assets/ui (new)/menu_button.png using Guid(88b17c12cdfa54843b023e98b5888e50) Importer(815301076,1909f56bfc062723c751e8b465ee728b)  -> (artifact id: '086ddc873e3feeb007214479f088993a') in 0.033461 seconds 
  Import took 0.038916 seconds .

========================================================================
Received Import Request.
  Time since last request: 0.000217 seconds.
  path: Assets/ui (new)/pause_button_press.png
  artifactKey: Guid(2a48de76efde75c41ad868a9f7176bbd) Importer(815301076,1909f56bfc062723c751e8b465ee728b)
Start importing Assets/ui (new)/pause_button_press.png using Guid(2a48de76efde75c41ad868a9f7176bbd) Importer(815301076,1909f56bfc062723c751e8b465ee728b)  -> (artifact id: '592c8e5a7c7bee1fa4cf4e6d76bb111b') in 0.038588 seconds 
  Import took 0.045398 seconds .

========================================================================
Received Import Request.
  Time since last request: 0.000352 seconds.
  path: Assets/ui (new)/health_ui.png
  artifactKey: Guid(352d795e407e3864ba8b6bb647070d44) Importer(815301076,1909f56bfc062723c751e8b465ee728b)
Start importing Assets/ui (new)/health_ui.png using Guid(352d795e407e3864ba8b6bb647070d44) Importer(815301076,1909f56bfc062723c751e8b465ee728b)  -> (artifact id: 'fd29c82ac10a0ef7faa6b7f64f866af9') in 0.036647 seconds 
  Import took 0.045406 seconds .

========================================================================
Received Import Request.
  Time since last request: 82.659362 seconds.
  path: Assets/v1.1 dungeon crawler 16x16 pixel pack/ui (new)
  artifactKey: Guid(35456f1fb3e22a34399f8409d59baccd) Importer(815301076,1909f56bfc062723c751e8b465ee728b)
Start importing Assets/v1.1 dungeon crawler 16x16 pixel pack/ui (new) using Guid(35456f1fb3e22a34399f8409d59baccd) Importer(815301076,1909f56bfc062723c751e8b465ee728b)  -> (artifact id: 'ceaa6c62a09b1bc567a585ab3b3ec01b') in 0.005828 seconds 
  Import took 0.015744 seconds .

AssetImportWorkerClient::OnTransportError - code=2 error=End of file
