Using pre-set license
Built from '2020.3/staging' branch; Version is '2020.3.25f1 (9b9180224418) revision 10195328'; Using compiler version '192528614'; Build Type 'Release'
OS: 'Windows 10  (10.0.19043) 64bit Core' Language: 'ko' Physical Memory: 8151 MB
BatchMode: 1, IsHumanControllingUs: 0, StartBugReporterOnCrash: 0, Is64bit: 1, IsPro: 0

COMMAND LINE ARGUMENTS:
C:\Program Files\Unity\Hub\Editor\2020.3.25f1\Editor\Unity.exe
-adb2
-batchMode
-noUpm
-name
AssetImportWorker0
-projectPath
C:/Github/unity-git-test/real real game jam
-logFile
Logs/AssetImportWorker0.log
-srvPort
64551
Successfully changed project path to: C:/Github/unity-git-test/real real game jam
C:/Github/unity-git-test/real real game jam
Using Asset Import Pipeline V2.
Refreshing native plugins compatible for Editor in 130.35 ms, found 3 plugins.
Preloading 0 native plugins for Editor in 0.00 ms.
Initialize engine version: 2020.3.25f1 (9b9180224418)
[Subsystems] Discovering subsystems at path C:/Program Files/Unity/Hub/Editor/2020.3.25f1/Editor/Data/Resources/UnitySubsystems
[Subsystems] Discovering subsystems at path C:/Github/unity-git-test/real real game jam/Assets
GfxDevice: creating device client; threaded=0
Direct3D:
    Version:  Direct3D 11.0 [level 11.1]
    Renderer: NVIDIA GeForce GTX 1060 3GB (ID=0x1c02)
    Vendor:   
    VRAM:     2988 MB
    Driver:   27.21.14.5671
Initialize mono
Mono path[0] = 'C:/Program Files/Unity/Hub/Editor/2020.3.25f1/Editor/Data/Managed'
Mono path[1] = 'C:/Program Files/Unity/Hub/Editor/2020.3.25f1/Editor/Data/MonoBleedingEdge/lib/mono/unityjit'
Mono config path = 'C:/Program Files/Unity/Hub/Editor/2020.3.25f1/Editor/Data/MonoBleedingEdge/etc'
Using monoOptions --debugger-agent=transport=dt_socket,embedding=1,server=y,suspend=n,address=127.0.0.1:56896
Begin MonoManager ReloadAssembly
Registering precompiled unity dll's ...
Register platform support module: C:/Program Files/Unity/Hub/Editor/2020.3.25f1/Editor/Data/PlaybackEngines/WindowsStandaloneSupport/UnityEditor.WindowsStandalone.Extensions.dll
Registered in 0.003776 seconds.
Native extension for WindowsStandalone target not found
Refreshing native plugins compatible for Editor in 95.88 ms, found 3 plugins.
Preloading 0 native plugins for Editor in 0.00 ms.
Mono: successfully reloaded assembly
- Completed reload, in  1.202 seconds
Domain Reload Profiling:
	ReloadAssembly (1202ms)
		BeginReloadAssembly (111ms)
			ExecutionOrderSort (0ms)
			DisableScriptedObjects (0ms)
			BackupInstance (0ms)
			ReleaseScriptingObjects (0ms)
			CreateAndSetChildDomain (1ms)
		EndReloadAssembly (939ms)
			LoadAssemblies (106ms)
			RebuildTransferFunctionScriptingTraits (0ms)
			SetupTypeCache (314ms)
			ReleaseScriptCaches (0ms)
			RebuildScriptCaches (67ms)
			SetupLoadedEditorAssemblies (361ms)
				LogAssemblyErrors (0ms)
				InitializePlatformSupportModulesInManaged (8ms)
				SetLoadedEditorAssemblies (0ms)
				RefreshPlugins (96ms)
				BeforeProcessingInitializeOnLoad (31ms)
				ProcessInitializeOnLoadAttributes (167ms)
				ProcessInitializeOnLoadMethodAttributes (59ms)
				AfterProcessingInitializeOnLoad (0ms)
				EditorAssembliesLoaded (0ms)
			ExecutionOrderSort2 (0ms)
			AwakeInstancesAfterBackupRestoration (0ms)
Platform modules already initialized, skipping
Registering precompiled user dll's ...
Registered in 0.010249 seconds.
Begin MonoManager ReloadAssembly
Native extension for WindowsStandalone target not found
Refreshing native plugins compatible for Editor in 106.11 ms, found 3 plugins.
Preloading 0 native plugins for Editor in 0.00 ms.
Mono: successfully reloaded assembly
- Completed reload, in  3.179 seconds
Domain Reload Profiling:
	ReloadAssembly (3181ms)
		BeginReloadAssembly (309ms)
			ExecutionOrderSort (0ms)
			DisableScriptedObjects (10ms)
			BackupInstance (0ms)
			ReleaseScriptingObjects (0ms)
			CreateAndSetChildDomain (33ms)
		EndReloadAssembly (2455ms)
			LoadAssemblies (246ms)
			RebuildTransferFunctionScriptingTraits (0ms)
			SetupTypeCache (985ms)
			ReleaseScriptCaches (1ms)
			RebuildScriptCaches (121ms)
			SetupLoadedEditorAssemblies (794ms)
				LogAssemblyErrors (0ms)
				InitializePlatformSupportModulesInManaged (7ms)
				SetLoadedEditorAssemblies (1ms)
				RefreshPlugins (106ms)
				BeforeProcessingInitializeOnLoad (198ms)
				ProcessInitializeOnLoadAttributes (431ms)
				ProcessInitializeOnLoadMethodAttributes (35ms)
				AfterProcessingInitializeOnLoad (14ms)
				EditorAssembliesLoaded (1ms)
			ExecutionOrderSort2 (0ms)
			AwakeInstancesAfterBackupRestoration (15ms)
Platform modules already initialized, skipping
========================================================================
Worker process is ready to serve import requests
Launched and connected shader compiler UnityShaderCompiler.exe after 0.11 seconds
Refreshing native plugins compatible for Editor in 0.77 ms, found 3 plugins.
Preloading 0 native plugins for Editor in 0.00 ms.
Unloading 2214 Unused Serialized files (Serialized files now loaded: 0)
System memory in use before: 96.5 MB.
System memory in use after: 96.6 MB.

Unloading 28 unused Assets to reduce memory usage. Loaded Objects now: 2647.
Total: 7.621600 ms (FindLiveObjects: 0.272600 ms CreateObjectMapping: 0.139000 ms MarkObjects: 7.099100 ms  DeleteObjects: 0.108500 ms)

AssetImportParameters requested are different than current active one (requested -> active):
  custom:framework-win-MediaFoundation: 216162199b28c13a410421893ffa2e32 -> 
  custom:video-decoder-ogg-theora: a1e56fd34408186e4bbccfd4996cb3dc -> 
  custom:container-muxer-webm: aa71ff27fc2769a1b78a27578f13a17b -> 
  custom:container-demuxer-webm: 4f35f7cbe854078d1ac9338744f61a02 -> 
  custom:container-demuxer-ogg: 62fdf1f143b41e24485cea50d1cbac27 -> 
  custom:video-encoder-webm-vp8: eb34c28f22e8b96e1ab97ce403110664 -> 
  custom:video-decoder-webm-vp8: 9c59270c3fd7afecdb556c50c9e8de78 -> 
  custom:audio-decoder-ogg-vorbis: bf7c407c2cedff20999df2af8eb42d56 -> 
  custom:audio-encoder-webm-vorbis: bf7c407c2cedff20999df2af8eb42d56 -> 
========================================================================
Received Import Request.
  path: Assets/New Rule Tile.asset
  artifactKey: Guid(7c1e93960532d854a90dd07ffd2f68cd) Importer(815301076,1909f56bfc062723c751e8b465ee728b)
Start importing Assets/New Rule Tile.asset using Guid(7c1e93960532d854a90dd07ffd2f68cd) Importer(815301076,1909f56bfc062723c751e8b465ee728b)  -> (artifact id: '6c6ed22822a13af8a90810ecaf4e701a') in 0.073701 seconds 
  Import took 0.082015 seconds .

========================================================================
Received Import Request.
  Time since last request: 865.991534 seconds.
  path: Assets/wall_left.asset
  artifactKey: Guid(7c1e93960532d854a90dd07ffd2f68cd) Importer(815301076,1909f56bfc062723c751e8b465ee728b)
Start importing Assets/wall_left.asset using Guid(7c1e93960532d854a90dd07ffd2f68cd) Importer(815301076,1909f56bfc062723c751e8b465ee728b)  -> (artifact id: 'b435c6160f265a662be88a3b0856a059') in 0.118819 seconds 
  Import took 0.126681 seconds .

========================================================================
Received Import Request.
  Time since last request: 2.151265 seconds.
  path: Assets/wall_left 1.asset
  artifactKey: Guid(5f95a189b16063e409300de6a548728f) Importer(815301076,1909f56bfc062723c751e8b465ee728b)
Start importing Assets/wall_left 1.asset using Guid(5f95a189b16063e409300de6a548728f) Importer(815301076,1909f56bfc062723c751e8b465ee728b)  -> (artifact id: '60ec39cdc63c67055401e1df9236fb6f') in 0.041165 seconds 
  Import took 0.050038 seconds .

========================================================================
Received Import Request.
  Time since last request: 12.951942 seconds.
  path: Assets/wall_right.asset
  artifactKey: Guid(5f95a189b16063e409300de6a548728f) Importer(815301076,1909f56bfc062723c751e8b465ee728b)
Start importing Assets/wall_right.asset using Guid(5f95a189b16063e409300de6a548728f) Importer(815301076,1909f56bfc062723c751e8b465ee728b)  -> (artifact id: 'e8e1dd62fc20c2741608b9d9bba8dab8') in 0.039690 seconds 
  Import took 0.045136 seconds .

========================================================================
Received Import Request.
  Time since last request: 51.166787 seconds.
  path: Assets/Palette/Palette.prefab
  artifactKey: Guid(000e60afaedb7354ab2a55dbeaccfe41) Importer(815301076,1909f56bfc062723c751e8b465ee728b)
Start importing Assets/Palette/Palette.prefab using Guid(000e60afaedb7354ab2a55dbeaccfe41) Importer(815301076,1909f56bfc062723c751e8b465ee728b)  -> (artifact id: 'af59498fed3b500556b7eeeeac9c47dc') in 0.095307 seconds 
  Import took 0.100924 seconds .

========================================================================
Received Import Request.
  Time since last request: 970.616245 seconds.
  path: Assets/wall_left.asset
  artifactKey: Guid(7c1e93960532d854a90dd07ffd2f68cd) Importer(815301076,1909f56bfc062723c751e8b465ee728b)
Start importing Assets/wall_left.asset using Guid(7c1e93960532d854a90dd07ffd2f68cd) Importer(815301076,1909f56bfc062723c751e8b465ee728b)  -> (artifact id: '56cb5bfb10c82264a5940dfcfd4405da') in 0.028632 seconds 
  Import took 0.034929 seconds .

AssetImportWorkerClient::OnTransportError - code=2 error=End of file
